<?xml version="1.0" encoding="UTF-8"?>
<!-- Generated by org.testng.reporters.JUnitReportReporter -->
<testsuite hostname="DESKTOP-9D19HAM" failures="0" tests="1" name="testcases.BrokenLinks" time="937.106" errors="0" timestamp="2022-05-01T12:50:31 IST" skipped="0">
  <testcase classname="testcases.BrokenLinks" name="broken" time="937.106"/>
  <system-out/>
</testsuite> <!-- testcases.BrokenLinks -->
